#
# There is insufficient memory for the Java Runtime Environment to continue.
# Native memory allocation (mmap) failed to map 50331648 bytes for G1 virtual space
# Possible reasons:
#   The system is out of physical RAM or swap space
#   The process is running with CompressedOops enabled, and the Java Heap may be blocking the growth of the native heap
# Possible solutions:
#   Reduce memory load on the system
#   Increase physical memory or swap space
#   Check if swap backing store is full
#   Decrease Java heap size (-Xmx/-Xms)
#   Decrease number of Java threads
#   Decrease Java thread stack sizes (-Xss)
#   Set larger code cache with -XX:ReservedCodeCacheSize=
#   JVM is running with Unscaled Compressed Oops mode in which the Java heap is
#     placed in the first 4GB address space. The Java Heap base address is the
#     maximum limit for the native heap growth. Please use -XX:HeapBaseMinAddress
#     to set the Java Heap base and to place the Java Heap above 4GB virtual address.
# This output file may be truncated or incomplete.
#
#  Out of Memory Error (os_windows.cpp:3552), pid=26188, tid=23576
#
# JRE version: Java(TM) SE Runtime Environment (17.0.9+11) (build 17.0.9+11-LTS-201)
# Java VM: Java HotSpot(TM) 64-Bit Server VM (17.0.9+11-LTS-201, mixed mode, sharing, tiered, compressed oops, compressed class ptrs, g1 gc, windows-amd64)
# No core dump will be written. Minidumps are not enabled by default on client versions of Windows
#

---------------  S U M M A R Y ------------

Command Line: org.jetbrains.kotlin.cli.jvm.K2JVMCompiler @C:\Users\iruch\GoDeLi\node_modules\react-native-webview\android\build\20240212_18106507283033017390.compiler.options

Host: AMD Ryzen 5 4600H with Radeon Graphics         , 12 cores, 7G,  Windows 11 , 64 bit Build 22621 (10.0.22621.2506)
Time: Mon Feb 12 22:39:41 2024 Hora estándar de Argentina elapsed time: 47.485554 seconds (0d 0h 0m 47s)

---------------  T H R E A D  ---------------

Current thread (0x000001b9c73bf5e0):  VMThread "VM Thread" [stack: 0x000000698ed00000,0x000000698ee00000] [id=23576]

Stack: [0x000000698ed00000,0x000000698ee00000]
Native frames: (J=compiled Java code, j=interpreted, Vv=VM code, C=native code)
V  [jvm.dll+0x678a4a]
V  [jvm.dll+0x7d9cfd]
V  [jvm.dll+0x7db60e]
V  [jvm.dll+0x7dbc73]
V  [jvm.dll+0x245e1f]
V  [jvm.dll+0x6758f9]
V  [jvm.dll+0x66a2a2]
V  [jvm.dll+0x303686]
V  [jvm.dll+0x30ac06]
V  [jvm.dll+0x35a48e]
V  [jvm.dll+0x35a6bf]
V  [jvm.dll+0x2da678]
V  [jvm.dll+0x2d8a85]
V  [jvm.dll+0x2d808c]
V  [jvm.dll+0x31b97b]
V  [jvm.dll+0x7e048b]
V  [jvm.dll+0x7e11c4]
V  [jvm.dll+0x7e16dd]
V  [jvm.dll+0x7e1ab4]
V  [jvm.dll+0x7e1b80]
V  [jvm.dll+0x78998a]
V  [jvm.dll+0x677875]
C  [ucrtbase.dll+0x29363]
C  [KERNEL32.DLL+0x1257d]
C  [ntdll.dll+0x5aa58]

VM_Operation (0x000000698e7f6500): G1CollectForAllocation, mode: safepoint, requested by thread 0x000001b9a93bb340


---------------  P R O C E S S  ---------------

Threads class SMR info:
_java_thread_list=0x000001b9c764d810, length=12, elements={
0x000001b9a93bb340, 0x000001b9c73c50f0, 0x000001b9c73c5d70, 0x000001b9c73dcba0,
0x000001b9c73dd560, 0x000001b9c73ddf20, 0x000001b9c73de8e0, 0x000001b9c73eab90,
0x000001b9c73eb640, 0x000001b9c73fa480, 0x000001b9c7648910, 0x000001b9c7654e30
}

Java Threads: ( => current thread )
  0x000001b9a93bb340 JavaThread "main" [_thread_blocked, id=14816, stack(0x000000698e700000,0x000000698e800000)]
  0x000001b9c73c50f0 JavaThread "Reference Handler" daemon [_thread_blocked, id=13320, stack(0x000000698ee00000,0x000000698ef00000)]
  0x000001b9c73c5d70 JavaThread "Finalizer" daemon [_thread_blocked, id=19972, stack(0x000000698ef00000,0x000000698f000000)]
  0x000001b9c73dcba0 JavaThread "Signal Dispatcher" daemon [_thread_blocked, id=20420, stack(0x000000698f000000,0x000000698f100000)]
  0x000001b9c73dd560 JavaThread "Attach Listener" daemon [_thread_blocked, id=12788, stack(0x000000698f100000,0x000000698f200000)]
  0x000001b9c73ddf20 JavaThread "Service Thread" daemon [_thread_blocked, id=22000, stack(0x000000698f200000,0x000000698f300000)]
  0x000001b9c73de8e0 JavaThread "Monitor Deflation Thread" daemon [_thread_blocked, id=24756, stack(0x000000698f300000,0x000000698f400000)]
  0x000001b9c73eab90 JavaThread "C2 CompilerThread0" daemon [_thread_blocked, id=14540, stack(0x000000698f400000,0x000000698f500000)]
  0x000001b9c73eb640 JavaThread "C1 CompilerThread0" daemon [_thread_blocked, id=20476, stack(0x000000698f500000,0x000000698f600000)]
  0x000001b9c73fa480 JavaThread "Sweeper thread" daemon [_thread_blocked, id=25624, stack(0x000000698f600000,0x000000698f700000)]
  0x000001b9c7648910 JavaThread "Notification Thread" daemon [_thread_blocked, id=14436, stack(0x000000698f700000,0x000000698f800000)]
  0x000001b9c7654e30 JavaThread "Common-Cleaner" daemon [_thread_blocked, id=19160, stack(0x000000698f900000,0x000000698fa00000)]

Other Threads:
=>0x000001b9c73bf5e0 VMThread "VM Thread" [stack: 0x000000698ed00000,0x000000698ee00000] [id=23576]
  0x000001b9a942bda0 WatcherThread [stack: 0x000000698f800000,0x000000698f900000] [id=15320]
  0x000001b9a9411e70 GCTaskThread "GC Thread#0" [stack: 0x000000698e800000,0x000000698e900000] [id=25696]
  0x000001ba0d1a8d80 GCTaskThread "GC Thread#1" [stack: 0x000000698fa00000,0x000000698fb00000] [id=17152]
  0x000001ba0d1d0370 GCTaskThread "GC Thread#2" [stack: 0x000000698fb00000,0x000000698fc00000] [id=2612]
  0x000001ba0d1e6750 GCTaskThread "GC Thread#3" [stack: 0x000000698fc00000,0x000000698fd00000] [id=25744]
  0x000001ba0d1e6a10 GCTaskThread "GC Thread#4" [stack: 0x000000698fd00000,0x000000698fe00000] [id=22940]
  0x000001ba0d1e6cd0 GCTaskThread "GC Thread#5" [stack: 0x000000698fe00000,0x000000698ff00000] [id=26476]
  0x000001b9c7720480 GCTaskThread "GC Thread#6" [stack: 0x000000698ff00000,0x0000006990000000] [id=968]
  0x000001b9c78bb990 GCTaskThread "GC Thread#7" [stack: 0x0000006990000000,0x0000006990100000] [id=25684]
  0x000001ba0d303740 GCTaskThread "GC Thread#8" [stack: 0x0000006990100000,0x0000006990200000] [id=25408]
  0x000001ba0d52a480 GCTaskThread "GC Thread#9" [stack: 0x0000006990200000,0x0000006990300000] [id=3348]
  0x000001b9a9422120 ConcurrentGCThread "G1 Main Marker" [stack: 0x000000698e900000,0x000000698ea00000] [id=26048]
  0x000001b9a9422b30 ConcurrentGCThread "G1 Conc#0" [stack: 0x000000698ea00000,0x000000698eb00000] [id=9912]
  0x000001ba0e11cdc0 ConcurrentGCThread "G1 Conc#1" [stack: 0x0000006990300000,0x0000006990400000] [id=24392]
  0x000001ba0d8adb70 ConcurrentGCThread "G1 Conc#2" [stack: 0x0000006990400000,0x0000006990500000] [id=16108]
  0x000001b9a947ea00 ConcurrentGCThread "G1 Refine#0" [stack: 0x000000698eb00000,0x000000698ec00000] [id=26032]
  0x000001ba0e8f7bb0 ConcurrentGCThread "G1 Refine#1" [stack: 0x0000006990500000,0x0000006990600000] [id=26024]
  0x000001b9c7277630 ConcurrentGCThread "G1 Service" [stack: 0x000000698ec00000,0x000000698ed00000] [id=2396]

Threads with active compile tasks:
C2 CompilerThread0    47640 3702       4       org.jetbrains.kotlin.com.intellij.lang.java.lexer.JavaLexer::locateToken (548 bytes)

VM state: at safepoint (normal execution)

VM Mutex/Monitor currently owned by a thread:  ([mutex/lock_event])
[0x000001b9a93b7800] Threads_lock - owner thread: 0x000001b9c73bf5e0
[0x000001b9a93b6f00] Heap_lock - owner thread: 0x000001b9a93bb340

Heap address: 0x000000008a200000, size: 1886 MB, Compressed Oops mode: 32-bit

CDS archive(s) mapped at: [0x000001b9c8000000-0x000001b9c8bd0000-0x000001b9c8bd0000), size 12386304, SharedBaseAddress: 0x000001b9c8000000, ArchiveRelocationMode: 1.
Compressed class space mapped at: 0x000001b9c9000000-0x000001ba09000000, reserved size: 1073741824
Narrow klass base: 0x000001b9c8000000, Narrow klass shift: 0, Narrow klass range: 0x100000000

GC Precious Log:
 CPUs: 12 total, 12 available
 Memory: 7540M
 Large Page Support: Disabled
 NUMA Support: Disabled
 Compressed Oops: Enabled (32-bit)
 Heap Region Size: 1M
 Heap Min Capacity: 8M
 Heap Initial Capacity: 118M
 Heap Max Capacity: 1886M
 Pre-touch: Disabled
 Parallel Workers: 10
 Concurrent Workers: 3
 Concurrent Refinement Workers: 10
 Periodic GC: Disabled

Heap:
 garbage-first heap   total 120832K, used 32656K [0x000000008a200000, 0x0000000100000000)
  region size 1024K, 1 young (1024K), 1 survivors (1024K)
 Metaspace       used 41107K, committed 41344K, reserved 1114112K
  class space    used 5079K, committed 5184K, reserved 1048576K

Heap Regions: E=young(eden), S=young(survivor), O=old, HS=humongous(starts), HC=humongous(continues), CS=collection set, F=free, OA=open archive, CA=closed archive, TAMS=top-at-mark-start (previous, next)
|   0|0x000000008a200000, 0x000000008a300000, 0x000000008a300000|100%|HS|  |TAMS 0x000000008a300000, 0x000000008a300000| Complete 
|   1|0x000000008a300000, 0x000000008a400000, 0x000000008a400000|100%|HC|  |TAMS 0x000000008a400000, 0x000000008a400000| Complete 
|   2|0x000000008a400000, 0x000000008a500000, 0x000000008a500000|100%|HC|  |TAMS 0x000000008a500000, 0x000000008a500000| Complete 
|   3|0x000000008a500000, 0x000000008a600000, 0x000000008a600000|100%|HC|  |TAMS 0x000000008a600000, 0x000000008a600000| Complete 
|   4|0x000000008a600000, 0x000000008a700000, 0x000000008a700000|100%| O|  |TAMS 0x000000008a700000, 0x000000008a700000| Untracked 
|   5|0x000000008a700000, 0x000000008a800000, 0x000000008a800000|100%| O|  |TAMS 0x000000008a800000, 0x000000008a800000| Untracked 
|   6|0x000000008a800000, 0x000000008a900000, 0x000000008a900000|100%| O|  |TAMS 0x000000008a900000, 0x000000008a900000| Untracked 
|   7|0x000000008a900000, 0x000000008aa00000, 0x000000008aa00000|100%|HS|  |TAMS 0x000000008aa00000, 0x000000008aa00000| Complete 
|   8|0x000000008aa00000, 0x000000008ab00000, 0x000000008ab00000|100%|HC|  |TAMS 0x000000008ab00000, 0x000000008ab00000| Complete 
|   9|0x000000008ab00000, 0x000000008ac00000, 0x000000008ac00000|100%|HC|  |TAMS 0x000000008ac00000, 0x000000008ac00000| Complete 
|  10|0x000000008ac00000, 0x000000008ad00000, 0x000000008ad00000|100%|HC|  |TAMS 0x000000008ad00000, 0x000000008ad00000| Complete 
|  11|0x000000008ad00000, 0x000000008ae00000, 0x000000008ae00000|100%| O|  |TAMS 0x000000008ae00000, 0x000000008ae00000| Untracked 
|  12|0x000000008ae00000, 0x000000008af00000, 0x000000008af00000|100%| O|  |TAMS 0x000000008af00000, 0x000000008af00000| Untracked 
|  13|0x000000008af00000, 0x000000008b000000, 0x000000008b000000|100%| O|  |TAMS 0x000000008b000000, 0x000000008b000000| Untracked 
|  14|0x000000008b000000, 0x000000008b100000, 0x000000008b100000|100%| O|  |TAMS 0x000000008b000000, 0x000000008b100000| Untracked 
|  15|0x000000008b100000, 0x000000008b200000, 0x000000008b200000|100%| O|  |TAMS 0x000000008b200000, 0x000000008b200000| Untracked 
|  16|0x000000008b200000, 0x000000008b300000, 0x000000008b300000|100%| O|  |TAMS 0x000000008b300000, 0x000000008b300000| Untracked 
|  17|0x000000008b300000, 0x000000008b400000, 0x000000008b400000|100%| O|  |TAMS 0x000000008b400000, 0x000000008b400000| Untracked 
|  18|0x000000008b400000, 0x000000008b500000, 0x000000008b500000|100%| O|  |TAMS 0x000000008b500000, 0x000000008b500000| Untracked 
|  19|0x000000008b500000, 0x000000008b600000, 0x000000008b600000|100%| O|  |TAMS 0x000000008b600000, 0x000000008b600000| Untracked 
|  20|0x000000008b600000, 0x000000008b700000, 0x000000008b700000|100%| O|  |TAMS 0x000000008b700000, 0x000000008b700000| Untracked 
|  21|0x000000008b700000, 0x000000008b800000, 0x000000008b800000|100%| O|  |TAMS 0x000000008b800000, 0x000000008b800000| Untracked 
|  22|0x000000008b800000, 0x000000008b900000, 0x000000008b900000|100%| O|  |TAMS 0x000000008b800000, 0x000000008b900000| Untracked 
|  23|0x000000008b900000, 0x000000008ba00000, 0x000000008ba00000|100%| O|  |TAMS 0x000000008b900000, 0x000000008ba00000| Untracked 
|  24|0x000000008ba00000, 0x000000008bb00000, 0x000000008bb00000|100%|HS|  |TAMS 0x000000008ba00000, 0x000000008bb00000| Complete 
|  25|0x000000008bb00000, 0x000000008bc00000, 0x000000008bc00000|100%|HC|  |TAMS 0x000000008bb00000, 0x000000008bc00000| Complete 
|  26|0x000000008bc00000, 0x000000008bd00000, 0x000000008bd00000|100%| O|  |TAMS 0x000000008bc00000, 0x000000008bc3a600| Untracked 
|  27|0x000000008bd00000, 0x000000008be00000, 0x000000008be00000|100%| O|  |TAMS 0x000000008be00000, 0x000000008be00000| Untracked 
|  28|0x000000008be00000, 0x000000008bf00000, 0x000000008bf00000|100%| O|  |TAMS 0x000000008be96c00, 0x000000008bf00000| Untracked 
|  29|0x000000008bf00000, 0x000000008c000000, 0x000000008c000000|100%| O|  |TAMS 0x000000008bf00000, 0x000000008bf00000| Untracked 
|  30|0x000000008c000000, 0x000000008c100000, 0x000000008c100000|100%| O|  |TAMS 0x000000008c000000, 0x000000008c000000| Untracked 
|  31|0x000000008c100000, 0x000000008c168200, 0x000000008c200000| 40%| O|  |TAMS 0x000000008c100000, 0x000000008c100000| Untracked 
|  32|0x000000008c200000, 0x000000008c200000, 0x000000008c300000|  0%| F|  |TAMS 0x000000008c200000, 0x000000008c200000| Untracked 
|  33|0x000000008c300000, 0x000000008c300000, 0x000000008c400000|  0%| F|  |TAMS 0x000000008c300000, 0x000000008c300000| Untracked 
|  34|0x000000008c400000, 0x000000008c400000, 0x000000008c500000|  0%| F|  |TAMS 0x000000008c400000, 0x000000008c400000| Untracked 
|  35|0x000000008c500000, 0x000000008c500000, 0x000000008c600000|  0%| F|  |TAMS 0x000000008c500000, 0x000000008c500000| Untracked 
|  36|0x000000008c600000, 0x000000008c600000, 0x000000008c700000|  0%| F|  |TAMS 0x000000008c600000, 0x000000008c600000| Untracked 
|  37|0x000000008c700000, 0x000000008c700000, 0x000000008c800000|  0%| F|  |TAMS 0x000000008c700000, 0x000000008c700000| Untracked 
|  38|0x000000008c800000, 0x000000008c800000, 0x000000008c900000|  0%| F|  |TAMS 0x000000008c800000, 0x000000008c800000| Untracked 
|  39|0x000000008c900000, 0x000000008c900000, 0x000000008ca00000|  0%| F|  |TAMS 0x000000008c900000, 0x000000008c900000| Untracked 
|  40|0x000000008ca00000, 0x000000008ca00000, 0x000000008cb00000|  0%| F|  |TAMS 0x000000008ca00000, 0x000000008ca00000| Untracked 
|  41|0x000000008cb00000, 0x000000008cb00000, 0x000000008cc00000|  0%| F|  |TAMS 0x000000008cb00000, 0x000000008cb00000| Untracked 
|  42|0x000000008cc00000, 0x000000008cc00000, 0x000000008cd00000|  0%| F|  |TAMS 0x000000008cc00000, 0x000000008cc00000| Untracked 
|  43|0x000000008cd00000, 0x000000008cd00000, 0x000000008ce00000|  0%| F|  |TAMS 0x000000008cd00000, 0x000000008cd00000| Untracked 
|  44|0x000000008ce00000, 0x000000008ce00000, 0x000000008cf00000|  0%| F|  |TAMS 0x000000008ce00000, 0x000000008ce00000| Untracked 
|  45|0x000000008cf00000, 0x000000008cf00000, 0x000000008d000000|  0%| F|  |TAMS 0x000000008cf00000, 0x000000008cf00000| Untracked 
|  46|0x000000008d000000, 0x000000008d000000, 0x000000008d100000|  0%| F|  |TAMS 0x000000008d000000, 0x000000008d000000| Untracked 
|  47|0x000000008d100000, 0x000000008d100000, 0x000000008d200000|  0%| F|  |TAMS 0x000000008d100000, 0x000000008d100000| Untracked 
|  48|0x000000008d200000, 0x000000008d200000, 0x000000008d300000|  0%| F|  |TAMS 0x000000008d200000, 0x000000008d200000| Untracked 
|  49|0x000000008d300000, 0x000000008d300000, 0x000000008d400000|  0%| F|  |TAMS 0x000000008d300000, 0x000000008d300000| Untracked 
|  50|0x000000008d400000, 0x000000008d400000, 0x000000008d500000|  0%| F|  |TAMS 0x000000008d400000, 0x000000008d400000| Untracked 
|  51|0x000000008d500000, 0x000000008d500000, 0x000000008d600000|  0%| F|  |TAMS 0x000000008d500000, 0x000000008d500000| Untracked 
|  52|0x000000008d600000, 0x000000008d600000, 0x000000008d700000|  0%| F|  |TAMS 0x000000008d600000, 0x000000008d600000| Untracked 
|  53|0x000000008d700000, 0x000000008d700000, 0x000000008d800000|  0%| F|  |TAMS 0x000000008d700000, 0x000000008d700000| Untracked 
|  54|0x000000008d800000, 0x000000008d800000, 0x000000008d900000|  0%| F|  |TAMS 0x000000008d800000, 0x000000008d800000| Untracked 
|  55|0x000000008d900000, 0x000000008d900000, 0x000000008da00000|  0%| F|  |TAMS 0x000000008d900000, 0x000000008d900000| Untracked 
|  56|0x000000008da00000, 0x000000008da00000, 0x000000008db00000|  0%| F|  |TAMS 0x000000008da00000, 0x000000008da00000| Untracked 
|  57|0x000000008db00000, 0x000000008db00000, 0x000000008dc00000|  0%| F|  |TAMS 0x000000008db00000, 0x000000008db00000| Untracked 
|  58|0x000000008dc00000, 0x000000008dc00000, 0x000000008dd00000|  0%| F|  |TAMS 0x000000008dc00000, 0x000000008dc00000| Untracked 
|  59|0x000000008dd00000, 0x000000008dd00000, 0x000000008de00000|  0%| F|  |TAMS 0x000000008dd00000, 0x000000008dd00000| Untracked 
|  60|0x000000008de00000, 0x000000008de00000, 0x000000008df00000|  0%| F|  |TAMS 0x000000008de00000, 0x000000008de00000| Untracked 
|  61|0x000000008df00000, 0x000000008df00000, 0x000000008e000000|  0%| F|  |TAMS 0x000000008df00000, 0x000000008df00000| Untracked 
|  62|0x000000008e000000, 0x000000008e000000, 0x000000008e100000|  0%| F|  |TAMS 0x000000008e000000, 0x000000008e000000| Untracked 
|  63|0x000000008e100000, 0x000000008e100000, 0x000000008e200000|  0%| F|  |TAMS 0x000000008e100000, 0x000000008e100000| Untracked 
|  64|0x000000008e200000, 0x000000008e200000, 0x000000008e300000|  0%| F|  |TAMS 0x000000008e200000, 0x000000008e200000| Untracked 
|  65|0x000000008e300000, 0x000000008e300000, 0x000000008e400000|  0%| F|  |TAMS 0x000000008e300000, 0x000000008e300000| Untracked 
|  66|0x000000008e400000, 0x000000008e400000, 0x000000008e500000|  0%| F|  |TAMS 0x000000008e400000, 0x000000008e400000| Untracked 
|  67|0x000000008e500000, 0x000000008e500000, 0x000000008e600000|  0%| F|  |TAMS 0x000000008e500000, 0x000000008e500000| Untracked 
|  68|0x000000008e600000, 0x000000008e600000, 0x000000008e700000|  0%| F|  |TAMS 0x000000008e600000, 0x000000008e600000| Untracked 
|  69|0x000000008e700000, 0x000000008e700000, 0x000000008e800000|  0%| F|  |TAMS 0x000000008e700000, 0x000000008e700000| Untracked 
|  70|0x000000008e800000, 0x000000008e800000, 0x000000008e900000|  0%| F|  |TAMS 0x000000008e800000, 0x000000008e800000| Untracked 
|  71|0x000000008e900000, 0x000000008e900000, 0x000000008ea00000|  0%| F|  |TAMS 0x000000008e900000, 0x000000008e900000| Untracked 
|  72|0x000000008ea00000, 0x000000008ea00000, 0x000000008eb00000|  0%| F|  |TAMS 0x000000008ea00000, 0x000000008ea00000| Untracked 
|  73|0x000000008eb00000, 0x000000008eb00000, 0x000000008ec00000|  0%| F|  |TAMS 0x000000008eb00000, 0x000000008eb00000| Untracked 
|  74|0x000000008ec00000, 0x000000008ec00000, 0x000000008ed00000|  0%| F|  |TAMS 0x000000008ec00000, 0x000000008ec00000| Untracked 
|  75|0x000000008ed00000, 0x000000008ed00000, 0x000000008ee00000|  0%| F|  |TAMS 0x000000008ed00000, 0x000000008ed00000| Untracked 
|  76|0x000000008ee00000, 0x000000008ee00000, 0x000000008ef00000|  0%| F|  |TAMS 0x000000008ee00000, 0x000000008ee00000| Untracked 
|  77|0x000000008ef00000, 0x000000008ef00000, 0x000000008f000000|  0%| F|  |TAMS 0x000000008ef00000, 0x000000008ef00000| Untracked 
|  78|0x000000008f000000, 0x000000008f000000, 0x000000008f100000|  0%| F|  |TAMS 0x000000008f000000, 0x000000008f000000| Untracked 
|  79|0x000000008f100000, 0x000000008f100000, 0x000000008f200000|  0%| F|  |TAMS 0x000000008f100000, 0x000000008f100000| Untracked 
|  80|0x000000008f200000, 0x000000008f200000, 0x000000008f300000|  0%| F|  |TAMS 0x000000008f200000, 0x000000008f200000| Untracked 
|  81|0x000000008f300000, 0x000000008f300000, 0x000000008f400000|  0%| F|  |TAMS 0x000000008f300000, 0x000000008f300000| Untracked 
|  82|0x000000008f400000, 0x000000008f400000, 0x000000008f500000|  0%| F|  |TAMS 0x000000008f400000, 0x000000008f400000| Untracked 
|  83|0x000000008f500000, 0x000000008f500000, 0x000000008f600000|  0%| F|  |TAMS 0x000000008f500000, 0x000000008f500000| Untracked 
|  84|0x000000008f600000, 0x000000008f600000, 0x000000008f700000|  0%| F|  |TAMS 0x000000008f600000, 0x000000008f600000| Untracked 
|  85|0x000000008f700000, 0x000000008f700000, 0x000000008f800000|  0%| F|  |TAMS 0x000000008f700000, 0x000000008f700000| Untracked 
|  86|0x000000008f800000, 0x000000008f800000, 0x000000008f900000|  0%| F|  |TAMS 0x000000008f800000, 0x000000008f800000| Untracked 
|  87|0x000000008f900000, 0x000000008f900000, 0x000000008fa00000|  0%| F|  |TAMS 0x000000008f900000, 0x000000008f900000| Untracked 
|  88|0x000000008fa00000, 0x000000008fa00000, 0x000000008fb00000|  0%| F|  |TAMS 0x000000008fa00000, 0x000000008fa00000| Untracked 
|  89|0x000000008fb00000, 0x000000008fb00000, 0x000000008fc00000|  0%| F|  |TAMS 0x000000008fb00000, 0x000000008fb00000| Untracked 
|  90|0x000000008fc00000, 0x000000008fc00000, 0x000000008fd00000|  0%| F|  |TAMS 0x000000008fc00000, 0x000000008fc00000| Untracked 
|  91|0x000000008fd00000, 0x000000008fd00000, 0x000000008fe00000|  0%| F|  |TAMS 0x000000008fd00000, 0x000000008fd00000| Untracked 
|  92|0x000000008fe00000, 0x000000008fe7bf40, 0x000000008ff00000| 48%| S|CS|TAMS 0x000000008fe00000, 0x000000008fe00000| Complete 
|  93|0x000000008ff00000, 0x000000008ff00000, 0x0000000090000000|  0%| F|  |TAMS 0x000000008ff00000, 0x000000008ff00000| Untracked 
|  94|0x0000000090000000, 0x0000000090000000, 0x0000000090100000|  0%| F|  |TAMS 0x0000000090000000, 0x0000000090000000| Untracked 
|  95|0x0000000090100000, 0x0000000090100000, 0x0000000090200000|  0%| F|  |TAMS 0x0000000090100000, 0x0000000090100000| Untracked 
|  96|0x0000000090200000, 0x0000000090200000, 0x0000000090300000|  0%| F|  |TAMS 0x0000000090200000, 0x0000000090200000| Untracked 
|  97|0x0000000090300000, 0x0000000090300000, 0x0000000090400000|  0%| F|  |TAMS 0x0000000090300000, 0x0000000090300000| Untracked 
|  98|0x0000000090400000, 0x0000000090400000, 0x0000000090500000|  0%| F|  |TAMS 0x0000000090400000, 0x0000000090400000| Untracked 
|  99|0x0000000090500000, 0x0000000090500000, 0x0000000090600000|  0%| F|  |TAMS 0x0000000090500000, 0x0000000090500000| Untracked 
| 100|0x0000000090600000, 0x0000000090600000, 0x0000000090700000|  0%| F|  |TAMS 0x0000000090600000, 0x0000000090600000| Untracked 
| 101|0x0000000090700000, 0x0000000090700000, 0x0000000090800000|  0%| F|  |TAMS 0x0000000090700000, 0x0000000090700000| Untracked 
| 102|0x0000000090800000, 0x0000000090800000, 0x0000000090900000|  0%| F|  |TAMS 0x0000000090800000, 0x0000000090800000| Untracked 
| 103|0x0000000090900000, 0x0000000090900000, 0x0000000090a00000|  0%| F|  |TAMS 0x0000000090900000, 0x0000000090900000| Untracked 
| 104|0x0000000090a00000, 0x0000000090a00000, 0x0000000090b00000|  0%| F|  |TAMS 0x0000000090a00000, 0x0000000090a00000| Untracked 
| 105|0x0000000090b00000, 0x0000000090b00000, 0x0000000090c00000|  0%| F|  |TAMS 0x0000000090b00000, 0x0000000090b00000| Untracked 
| 106|0x0000000090c00000, 0x0000000090c00000, 0x0000000090d00000|  0%| F|  |TAMS 0x0000000090c00000, 0x0000000090c00000| Untracked 
| 107|0x0000000090d00000, 0x0000000090d00000, 0x0000000090e00000|  0%| F|  |TAMS 0x0000000090d00000, 0x0000000090d00000| Untracked 
| 108|0x0000000090e00000, 0x0000000090e00000, 0x0000000090f00000|  0%| F|  |TAMS 0x0000000090e00000, 0x0000000090e00000| Untracked 
| 109|0x0000000090f00000, 0x0000000090f00000, 0x0000000091000000|  0%| F|  |TAMS 0x0000000090f00000, 0x0000000090f00000| Untracked 
| 110|0x0000000091000000, 0x0000000091000000, 0x0000000091100000|  0%| F|  |TAMS 0x0000000091000000, 0x0000000091000000| Untracked 
| 111|0x0000000091100000, 0x0000000091100000, 0x0000000091200000|  0%| F|  |TAMS 0x0000000091100000, 0x0000000091100000| Untracked 
| 112|0x0000000091200000, 0x0000000091200000, 0x0000000091300000|  0%| F|  |TAMS 0x0000000091200000, 0x0000000091200000| Untracked 
| 113|0x0000000091300000, 0x0000000091300000, 0x0000000091400000|  0%| F|  |TAMS 0x0000000091300000, 0x0000000091300000| Untracked 
| 114|0x0000000091400000, 0x0000000091400000, 0x0000000091500000|  0%| F|  |TAMS 0x0000000091400000, 0x0000000091400000| Untracked 
| 115|0x0000000091500000, 0x0000000091500000, 0x0000000091600000|  0%| F|  |TAMS 0x0000000091500000, 0x0000000091500000| Untracked 
| 116|0x0000000091600000, 0x0000000091600000, 0x0000000091700000|  0%| F|  |TAMS 0x0000000091600000, 0x0000000091600000| Untracked 
| 117|0x0000000091700000, 0x0000000091700000, 0x0000000091800000|  0%| F|  |TAMS 0x0000000091700000, 0x0000000091700000| Untracked 

Card table byte_map: [0x000001b9c0550000,0x000001b9c0900000] _byte_map_base: 0x000001b9c00ff000

Marking Bits (Prev, Next): (CMBitMap*) 0x000001b9a9412490, (CMBitMap*) 0x000001b9a94124d0
 Prev Bits: [0x000001b9c0cb0000, 0x000001b9c2a28000)
 Next Bits: [0x000001b9c2a30000, 0x000001b9c47a8000)

Polling page: 0x000001b9a7320000

Metaspace:

Usage:
  Non-class:     35.18 MB used.
      Class:      4.96 MB used.
       Both:     40.14 MB used.

Virtual space:
  Non-class space:       64.00 MB reserved,      35.31 MB ( 55%) committed,  1 nodes.
      Class space:        1.00 GB reserved,       5.06 MB ( <1%) committed,  1 nodes.
             Both:        1.06 GB reserved,      40.38 MB (  4%) committed. 

Chunk freelists:
   Non-Class:  12.08 MB
       Class:  10.97 MB
        Both:  23.05 MB

MaxMetaspaceSize: unlimited
CompressedClassSpaceSize: 1.00 GB
Initial GC threshold: 21.00 MB
Current GC threshold: 58.69 MB
CDS: on
MetaspaceReclaimPolicy: balanced
 - commit_granule_bytes: 65536.
 - commit_granule_words: 8192.
 - virtual_space_node_default_size: 8388608.
 - enlarge_chunks_in_place: 1.
 - new_chunks_are_fully_committed: 0.
 - uncommit_free_chunks: 1.
 - use_allocation_guard: 0.
 - handle_deallocations: 1.


Internal statistics:

num_allocs_failed_limit: 6.
num_arena_births: 216.
num_arena_deaths: 0.
num_vsnodes_births: 2.
num_vsnodes_deaths: 0.
num_space_committed: 645.
num_space_uncommitted: 0.
num_chunks_returned_to_freelist: 6.
num_chunks_taken_from_freelist: 1591.
num_chunk_merges: 6.
num_chunk_splits: 1310.
num_chunks_enlarged: 1175.
num_inconsistent_stats: 0.

CodeHeap 'non-profiled nmethods': size=120000Kb used=1629Kb max_used=1629Kb free=118370Kb
 bounds [0x000001b9b8720000, 0x000001b9b8990000, 0x000001b9bfc50000]
CodeHeap 'profiled nmethods': size=120000Kb used=7394Kb max_used=7394Kb free=112605Kb
 bounds [0x000001b9b0c50000, 0x000001b9b1390000, 0x000001b9b8180000]
CodeHeap 'non-nmethods': size=5760Kb used=1307Kb max_used=1322Kb free=4452Kb
 bounds [0x000001b9b8180000, 0x000001b9b83f0000, 0x000001b9b8720000]
 total_blobs=4323 nmethods=3726 adapters=507
 compilation: enabled
              stopped_count=0, restarted_count=0
 full_count=0

Compilation events (20 events):
Event: 46.132 Thread 0x000001b9c73eb640 3746       3       org.jetbrains.kotlin.com.intellij.util.text.CharSequenceSubSequence::length (10 bytes)
Event: 46.132 Thread 0x000001b9c73eb640 nmethod 3746 0x000001b9b1382c10 code [0x000001b9b1382da0, 0x000001b9b1382eb8]
Event: 46.132 Thread 0x000001b9c73eb640 3749       3       org.jetbrains.kotlin.com.intellij.util.text.CharSequenceSubSequence::charAt (16 bytes)
Event: 46.356 Thread 0x000001b9c73eb640 nmethod 3749 0x000001b9b1382f90 code [0x000001b9b1383140, 0x000001b9b1383328]
Event: 46.367 Thread 0x000001b9c73eb640 3747       3       org.jetbrains.kotlin.com.intellij.lang.impl.PsiBuilderImpl$RelativeTokenTypesView::get (6 bytes)
Event: 46.693 Thread 0x000001b9c73eb640 nmethod 3747 0x000001b9b1383410 code [0x000001b9b13835c0, 0x000001b9b1383778]
Event: 46.695 Thread 0x000001b9c73eb640 3751       3       org.jetbrains.kotlin.com.intellij.psi.impl.source.CharTableImpl::createSequence (64 bytes)
Event: 46.700 Thread 0x000001b9c73eb640 nmethod 3751 0x000001b9b1383890 code [0x000001b9b1383aa0, 0x000001b9b13840b8]
Event: 46.700 Thread 0x000001b9c73eb640 3752       3       gnu.trove.TIntObjectHashMap::put (87 bytes)
Event: 46.705 Thread 0x000001b9c73eb640 nmethod 3752 0x000001b9b1384290 code [0x000001b9b13844a0, 0x000001b9b1384bd8]
Event: 46.705 Thread 0x000001b9c73eb640 3753       3       gnu.trove.TIntObjectHashMap::wrapNull (12 bytes)
Event: 46.705 Thread 0x000001b9c73eb640 nmethod 3753 0x000001b9b1384f10 code [0x000001b9b13850a0, 0x000001b9b13851d8]
Event: 46.753 Thread 0x000001b9c73eb640 3754       3       org.jetbrains.kotlin.com.intellij.openapi.util.UserDataHolderBase::getUserData (45 bytes)
Event: 46.755 Thread 0x000001b9c73eb640 nmethod 3754 0x000001b9b1385290 code [0x000001b9b13854a0, 0x000001b9b1385c48]
Event: 46.755 Thread 0x000001b9c73eb640 3755       3       org.jetbrains.kotlin.com.intellij.lang.ASTFactory::composite (72 bytes)
Event: 46.757 Thread 0x000001b9c73eb640 nmethod 3755 0x000001b9b1385e10 code [0x000001b9b1386120, 0x000001b9b1387568]
Event: 46.758 Thread 0x000001b9c73eb640 3756       3       org.jetbrains.kotlin.com.intellij.psi.impl.source.CharTableImpl$StringHashToCharSequencesMap::access$200 (10 bytes)
Event: 46.759 Thread 0x000001b9c73eb640 nmethod 3756 0x000001b9b1387a10 code [0x000001b9b1387ba0, 0x000001b9b1387cc8]
Event: 46.759 Thread 0x000001b9c73eb640 3757       3       org.jetbrains.kotlin.com.intellij.psi.impl.source.tree.CompositeElement::setPsi (33 bytes)
Event: 46.767 Thread 0x000001b9c73eb640 nmethod 3757 0x000001b9b1387d90 code [0x000001b9b1387fe0, 0x000001b9b13888a8]

GC Heap History (17 events):
Event: 3.924 GC heap before
{Heap before GC invocations=0 (full 0):
 garbage-first heap   total 120832K, used 27648K [0x000000008a200000, 0x0000000100000000)
  region size 1024K, 23 young (23552K), 0 survivors (0K)
 Metaspace       used 6575K, committed 6720K, reserved 1114112K
  class space    used 662K, committed 768K, reserved 1048576K
}
Event: 3.936 GC heap after
{Heap after GC invocations=1 (full 0):
 garbage-first heap   total 120832K, used 6867K [0x000000008a200000, 0x0000000100000000)
  region size 1024K, 3 young (3072K), 3 survivors (3072K)
 Metaspace       used 6575K, committed 6720K, reserved 1114112K
  class space    used 662K, committed 768K, reserved 1048576K
}
Event: 8.289 GC heap before
{Heap before GC invocations=1 (full 0):
 garbage-first heap   total 120832K, used 40659K [0x000000008a200000, 0x0000000100000000)
  region size 1024K, 36 young (36864K), 3 survivors (3072K)
 Metaspace       used 14182K, committed 14400K, reserved 1114112K
  class space    used 1612K, committed 1728K, reserved 1048576K
}
Event: 8.509 GC heap after
{Heap after GC invocations=2 (full 0):
 garbage-first heap   total 120832K, used 10508K [0x000000008a200000, 0x0000000100000000)
  region size 1024K, 4 young (4096K), 4 survivors (4096K)
 Metaspace       used 14182K, committed 14400K, reserved 1114112K
  class space    used 1612K, committed 1728K, reserved 1048576K
}
Event: 15.503 GC heap before
{Heap before GC invocations=2 (full 0):
 garbage-first heap   total 120832K, used 39180K [0x000000008a200000, 0x0000000100000000)
  region size 1024K, 29 young (29696K), 4 survivors (4096K)
 Metaspace       used 21230K, committed 21504K, reserved 1114112K
  class space    used 2739K, committed 2880K, reserved 1048576K
}
Event: 15.626 GC heap after
{Heap after GC invocations=3 (full 0):
 garbage-first heap   total 120832K, used 16813K [0x000000008a200000, 0x0000000100000000)
  region size 1024K, 3 young (3072K), 3 survivors (3072K)
 Metaspace       used 21230K, committed 21504K, reserved 1114112K
  class space    used 2739K, committed 2880K, reserved 1048576K
}
Event: 22.066 GC heap before
{Heap before GC invocations=4 (full 0):
 garbage-first heap   total 65536K, used 52653K [0x000000008a200000, 0x0000000100000000)
  region size 1024K, 37 young (37888K), 3 survivors (3072K)
 Metaspace       used 26635K, committed 26816K, reserved 1114112K
  class space    used 3569K, committed 3648K, reserved 1048576K
}
Event: 22.097 GC heap after
{Heap after GC invocations=5 (full 0):
 garbage-first heap   total 65536K, used 22933K [0x000000008a200000, 0x0000000100000000)
  region size 1024K, 5 young (5120K), 5 survivors (5120K)
 Metaspace       used 26635K, committed 26816K, reserved 1114112K
  class space    used 3569K, committed 3648K, reserved 1048576K
}
Event: 22.211 GC heap before
{Heap before GC invocations=5 (full 0):
 garbage-first heap   total 65536K, used 23957K [0x000000008a200000, 0x0000000100000000)
  region size 1024K, 6 young (6144K), 5 survivors (5120K)
 Metaspace       used 26649K, committed 26816K, reserved 1114112K
  class space    used 3569K, committed 3648K, reserved 1048576K
}
Event: 22.562 GC heap after
{Heap after GC invocations=6 (full 0):
 garbage-first heap   total 65536K, used 24155K [0x000000008a200000, 0x0000000100000000)
  region size 1024K, 1 young (1024K), 1 survivors (1024K)
 Metaspace       used 26649K, committed 26816K, reserved 1114112K
  class space    used 3569K, committed 3648K, reserved 1048576K
}
Event: 26.950 GC heap before
{Heap before GC invocations=6 (full 0):
 garbage-first heap   total 65536K, used 46683K [0x000000008a200000, 0x0000000100000000)
  region size 1024K, 24 young (24576K), 1 survivors (1024K)
 Metaspace       used 31595K, committed 31808K, reserved 1114112K
  class space    used 4013K, committed 4096K, reserved 1048576K
}
Event: 26.996 GC heap after
{Heap after GC invocations=7 (full 0):
 garbage-first heap   total 65536K, used 26145K [0x000000008a200000, 0x0000000100000000)
  region size 1024K, 3 young (3072K), 3 survivors (3072K)
 Metaspace       used 31595K, committed 31808K, reserved 1114112K
  class space    used 4013K, committed 4096K, reserved 1048576K
}
Event: 32.483 GC heap before
{Heap before GC invocations=7 (full 0):
 garbage-first heap   total 65536K, used 42529K [0x000000008a200000, 0x0000000100000000)
  region size 1024K, 21 young (21504K), 3 survivors (3072K)
 Metaspace       used 35781K, committed 35968K, reserved 1114112K
  class space    used 4448K, committed 4544K, reserved 1048576K
}
Event: 32.605 GC heap after
{Heap after GC invocations=8 (full 0):
 garbage-first heap   total 65536K, used 27787K [0x000000008a200000, 0x0000000100000000)
  region size 1024K, 2 young (2048K), 2 survivors (2048K)
 Metaspace       used 35781K, committed 35968K, reserved 1114112K
  class space    used 4448K, committed 4544K, reserved 1048576K
}
Event: 44.372 GC heap before
{Heap before GC invocations=9 (full 0):
 garbage-first heap   total 65536K, used 50315K [0x000000008a200000, 0x0000000100000000)
  region size 1024K, 23 young (23552K), 2 survivors (2048K)
 Metaspace       used 40782K, committed 41024K, reserved 1114112K
  class space    used 5034K, committed 5120K, reserved 1048576K
}
Event: 45.283 GC heap after
{Heap after GC invocations=10 (full 0):
 garbage-first heap   total 65536K, used 31977K [0x000000008a200000, 0x0000000100000000)
  region size 1024K, 3 young (3072K), 3 survivors (3072K)
 Metaspace       used 40782K, committed 41024K, reserved 1114112K
  class space    used 5034K, committed 5120K, reserved 1048576K
}
Event: 46.804 GC heap before
{Heap before GC invocations=10 (full 0):
 garbage-first heap   total 65536K, used 33001K [0x000000008a200000, 0x0000000100000000)
  region size 1024K, 4 young (4096K), 3 survivors (3072K)
 Metaspace       used 41107K, committed 41344K, reserved 1114112K
  class space    used 5079K, committed 5184K, reserved 1048576K
}

Deoptimization events (20 events):
Event: 44.016 Thread 0x000001b9a93bb340 Uncommon trap: trap_request=0xffffffde fr.pc=0x000001b9b8875aa8 relative=0x0000000000000da8
Event: 44.016 Thread 0x000001b9a93bb340 Uncommon trap: reason=class_check action=maybe_recompile pc=0x000001b9b8875aa8 method=org.jetbrains.kotlin.com.intellij.lang.java.lexer.JavaLexer.charAt(I)C @ 21 c2
Event: 44.016 Thread 0x000001b9a93bb340 DEOPT PACKING pc=0x000001b9b8875aa8 sp=0x000000698e7fbef0
Event: 44.016 Thread 0x000001b9a93bb340 DEOPT UNPACKING pc=0x000001b9b81d23a3 sp=0x000000698e7fbe48 mode 2
Event: 44.017 Thread 0x000001b9a93bb340 Uncommon trap: trap_request=0xffffffde fr.pc=0x000001b9b8875aa8 relative=0x0000000000000da8
Event: 44.017 Thread 0x000001b9a93bb340 Uncommon trap: reason=class_check action=maybe_recompile pc=0x000001b9b8875aa8 method=org.jetbrains.kotlin.com.intellij.lang.java.lexer.JavaLexer.charAt(I)C @ 21 c2
Event: 44.017 Thread 0x000001b9a93bb340 DEOPT PACKING pc=0x000001b9b8875aa8 sp=0x000000698e7fbef0
Event: 44.017 Thread 0x000001b9a93bb340 DEOPT UNPACKING pc=0x000001b9b81d23a3 sp=0x000000698e7fbe48 mode 2
Event: 44.017 Thread 0x000001b9a93bb340 Uncommon trap: trap_request=0xffffffde fr.pc=0x000001b9b8875aa8 relative=0x0000000000000da8
Event: 44.017 Thread 0x000001b9a93bb340 Uncommon trap: reason=class_check action=maybe_recompile pc=0x000001b9b8875aa8 method=org.jetbrains.kotlin.com.intellij.lang.java.lexer.JavaLexer.charAt(I)C @ 21 c2
Event: 44.017 Thread 0x000001b9a93bb340 DEOPT PACKING pc=0x000001b9b8875aa8 sp=0x000000698e7fbef0
Event: 44.017 Thread 0x000001b9a93bb340 DEOPT UNPACKING pc=0x000001b9b81d23a3 sp=0x000000698e7fbe48 mode 2
Event: 44.017 Thread 0x000001b9a93bb340 Uncommon trap: trap_request=0xffffffde fr.pc=0x000001b9b88708bc relative=0x000000000000009c
Event: 44.017 Thread 0x000001b9a93bb340 Uncommon trap: reason=class_check action=maybe_recompile pc=0x000001b9b88708bc method=org.jetbrains.kotlin.com.intellij.lang.java.lexer.JavaLexer.charAt(I)C @ 21 c2
Event: 44.017 Thread 0x000001b9a93bb340 DEOPT PACKING pc=0x000001b9b88708bc sp=0x000000698e7fbea0
Event: 44.017 Thread 0x000001b9a93bb340 DEOPT UNPACKING pc=0x000001b9b81d23a3 sp=0x000000698e7fbe38 mode 2
Event: 45.883 Thread 0x000001b9a93bb340 Uncommon trap: trap_request=0xffffff45 fr.pc=0x000001b9b8851674 relative=0x0000000000000a14
Event: 46.051 Thread 0x000001b9a93bb340 Uncommon trap: reason=unstable_if action=reinterpret pc=0x000001b9b8851674 method=org.jetbrains.kotlin.com.intellij.lang.impl.PsiBuilderImpl.calcTokenType()Lorg/jetbrains/kotlin/com/intellij/psi/tree/IElementType; @ 4 c2
Event: 46.053 Thread 0x000001b9a93bb340 DEOPT PACKING pc=0x000001b9b8851674 sp=0x000000698e7fbf80
Event: 46.055 Thread 0x000001b9a93bb340 DEOPT UNPACKING pc=0x000001b9b81d23a3 sp=0x000000698e7fbf20 mode 2

Classes unloaded (0 events):
No events

Classes redefined (0 events):
No events

Internal exceptions (20 events):
Event: 5.716 Thread 0x000001b9a93bb340 Exception <a 'java/lang/NoSuchMethodError'{0x0000000090239200}: 'java.lang.Object java.lang.invoke.DirectMethodHandle$Holder.invokeStaticInit(java.lang.Object)'> (0x0000000090239200) 
thrown [s\open\src\hotspot\share\interpreter\linkResolver.cpp, line 759]
Event: 6.824 Thread 0x000001b9a93bb340 Exception <a 'java/lang/NoSuchMethodError'{0x000000008f800500}: 'java.lang.Object java.lang.invoke.DirectMethodHandle$Holder.invokeStaticInit(java.lang.Object, int)'> (0x000000008f800500) 
thrown [s\open\src\hotspot\share\interpreter\linkResolver.cpp, line 759]
Event: 7.161 Thread 0x000001b9a93bb340 Exception <a 'java/lang/NoSuchMethodError'{0x000000008f88a200}: 'void java.lang.invoke.DirectMethodHandle$Holder.invokeStatic(java.lang.Object, java.lang.Object)'> (0x000000008f88a200) 
thrown [s\open\src\hotspot\share\interpreter\linkResolver.cpp, line 759]
Event: 7.565 Thread 0x000001b9a93bb340 Exception <a 'java/lang/NoSuchMethodError'{0x000000008f7c3388}: 'long java.lang.invoke.DirectMethodHandle$Holder.invokeStatic(java.lang.Object)'> (0x000000008f7c3388) 
thrown [s\open\src\hotspot\share\interpreter\linkResolver.cpp, line 759]
Event: 7.566 Thread 0x000001b9a93bb340 Exception <a 'java/lang/NoSuchMethodError'{0x000000008f7c6ae0}: 'long java.lang.invoke.DirectMethodHandle$Holder.invokeStaticInit(java.lang.Object)'> (0x000000008f7c6ae0) 
thrown [s\open\src\hotspot\share\interpreter\linkResolver.cpp, line 759]
Event: 8.954 Thread 0x000001b9a93bb340 Exception <a 'java/lang/NoSuchMethodError'{0x00000000917bf4e8}: 'int java.lang.invoke.DirectMethodHandle$Holder.invokeStaticInit(java.lang.Object, java.lang.Object, java.lang.Object)'> (0x00000000917bf4e8) 
thrown [s\open\src\hotspot\share\interpreter\linkResolver.cpp, line 759]
Event: 9.304 Thread 0x000001b9a93bb340 Exception <a 'java/lang/NoSuchMethodError'{0x00000000917e7bb0}: 'int java.lang.invoke.DirectMethodHandle$Holder.invokeStaticInit(java.lang.Object, java.lang.Object)'> (0x00000000917e7bb0) 
thrown [s\open\src\hotspot\share\interpreter\linkResolver.cpp, line 759]
Event: 9.675 Thread 0x000001b9a93bb340 Exception <a 'java/lang/NoSuchMethodError'{0x00000000916c4378}: 'void java.lang.invoke.DirectMethodHandle$Holder.invokeSpecial(java.lang.Object, java.lang.Object, java.lang.Object)'> (0x00000000916c4378) 
thrown [s\open\src\hotspot\share\interpreter\linkResolver.cpp, line 759]
Event: 12.959 Thread 0x000001b9a93bb340 Exception <a 'java/lang/NoSuchMethodError'{0x0000000090be19e0}: 'void java.lang.invoke.DirectMethodHandle$Holder.invokeStatic(java.lang.Object, java.lang.Object, java.lang.Object, java.lang.Object)'> (0x0000000090be19e0) 
thrown [s\open\src\hotspot\share\interpreter\linkResolver.cpp, line 759]
Event: 13.614 Thread 0x000001b9a93bb340 Exception <a 'java/lang/NoSuchMethodError'{0x0000000090789ad8}: 'void java.lang.invoke.DirectMethodHandle$Holder.invokeStaticInit(java.lang.Object, java.lang.Object)'> (0x0000000090789ad8) 
thrown [s\open\src\hotspot\share\interpreter\linkResolver.cpp, line 759]
Event: 14.501 Thread 0x000001b9a93bb340 Exception <a 'java/lang/NoSuchMethodError'{0x00000000903abc58}: 'void java.lang.invoke.DirectMethodHandle$Holder.invokeVirtual(java.lang.Object, java.lang.Object)'> (0x00000000903abc58) 
thrown [s\open\src\hotspot\share\interpreter\linkResolver.cpp, line 759]
Event: 14.549 Thread 0x000001b9a93bb340 Exception <a 'java/lang/NoSuchMethodError'{0x00000000902359f0}: 'int java.lang.invoke.DirectMethodHandle$Holder.invokeVirtual(java.lang.Object, java.lang.Object)'> (0x00000000902359f0) 
thrown [s\open\src\hotspot\share\interpreter\linkResolver.cpp, line 759]
Event: 14.641 Thread 0x000001b9a93bb340 Exception <a 'java/lang/NoSuchMethodError'{0x00000000902db4f8}: 'java.lang.Object java.lang.invoke.Invokers$Holder.invokeExact_MT(java.lang.Object, java.lang.Object, java.lang.Object, java.lang.Object, java.lang.Object, java.lang.Object)'> (0x00000000902db4f8) 
thrown [s\open\src\hotspot\share\interpreter\linkResolver.cpp, line 759]
Event: 21.891 Thread 0x000001b9a93bb340 Exception <a 'java/lang/NoSuchMethodError'{0x000000008bedc8d8}: 'java.lang.Object java.lang.invoke.DirectMethodHandle$Holder.invokeVirtual(java.lang.Object, java.lang.Object, java.lang.Object)'> (0x000000008bedc8d8) 
thrown [s\open\src\hotspot\share\interpreter\linkResolver.cpp, line 759]
Event: 29.935 Thread 0x000001b9a93bb340 Exception <a 'java/lang/NoSuchMethodError'{0x000000008d4aa578}: 'java.lang.Object java.lang.invoke.DirectMethodHandle$Holder.newInvokeSpecial(java.lang.Object, java.lang.Object, int)'> (0x000000008d4aa578) 
thrown [s\open\src\hotspot\share\interpreter\linkResolver.cpp, line 759]
Event: 30.745 Thread 0x000001b9a93bb340 Exception <a 'java/lang/NoSuchMethodError'{0x000000008d25a5c0}: 'java.lang.Object java.lang.invoke.DirectMethodHandle$Holder.invokeInterface(java.lang.Object, java.lang.Object)'> (0x000000008d25a5c0) 
thrown [s\open\src\hotspot\share\interpreter\linkResolver.cpp, line 759]
Event: 32.924 Thread 0x000001b9a93bb340 Exception <a 'java/lang/NoSuchMethodError'{0x0000000091775ab0}: 'java.lang.Object java.lang.invoke.DirectMethodHandle$Holder.newInvokeSpecial(java.lang.Object, java.lang.Object, java.lang.Object, int)'> (0x0000000091775ab0) 
thrown [s\open\src\hotspot\share\interpreter\linkResolver.cpp, line 759]
Event: 32.932 Thread 0x000001b9a93bb340 Exception <a 'java/lang/NoSuchMethodError'{0x000000009177a138}: 'java.lang.Object java.lang.invoke.DirectMethodHandle$Holder.invokeSpecial(java.lang.Object, java.lang.Object, java.lang.Object, java.lang.Object, int)'> (0x000000009177a138) 
thrown [s\open\src\hotspot\share\interpreter\linkResolver.cpp, line 759]
Event: 32.933 Thread 0x000001b9a93bb340 Exception <a 'java/lang/NoSuchMethodError'{0x000000009177dfa8}: 'java.lang.Object java.lang.invoke.Invokers$Holder.linkToTargetMethod(java.lang.Object, java.lang.Object, int, java.lang.Object)'> (0x000000009177dfa8) 
thrown [s\open\src\hotspot\share\interpreter\linkResolver.cpp, line 759]
Event: 44.011 Thread 0x000001b9a93bb340 Implicit null exception at 0x000001b9b8857250 to 0x000001b9b8857314

VM Operations (20 events):
Event: 36.557 Executing VM operation: Cleanup done
Event: 37.706 Executing VM operation: Cleanup
Event: 37.725 Executing VM operation: Cleanup done
Event: 38.727 Executing VM operation: Cleanup
Event: 38.731 Executing VM operation: Cleanup done
Event: 39.162 Executing VM operation: HandshakeAllThreads
Event: 39.168 Executing VM operation: HandshakeAllThreads done
Event: 40.172 Executing VM operation: Cleanup
Event: 40.176 Executing VM operation: Cleanup done
Event: 41.212 Executing VM operation: Cleanup
Event: 41.285 Executing VM operation: Cleanup done
Event: 42.291 Executing VM operation: Cleanup
Event: 42.325 Executing VM operation: Cleanup done
Event: 43.450 Executing VM operation: Cleanup
Event: 43.493 Executing VM operation: Cleanup done
Event: 44.350 Executing VM operation: G1CollectForAllocation
Event: 45.310 Executing VM operation: G1CollectForAllocation done
Event: 46.325 Executing VM operation: Cleanup
Event: 46.356 Executing VM operation: Cleanup done
Event: 46.801 Executing VM operation: G1CollectForAllocation

Events (20 events):
Event: 29.490 loading class java/util/EmptyStackException
Event: 29.494 loading class java/util/EmptyStackException done
Event: 29.518 loading class java/util/BitSet
Event: 29.522 loading class java/util/BitSet done
Event: 29.524 loading class java/util/PrimitiveIterator$OfInt
Event: 29.525 loading class java/util/PrimitiveIterator
Event: 29.527 loading class java/util/PrimitiveIterator done
Event: 29.527 loading class java/util/PrimitiveIterator$OfInt done
Event: 29.923 loading class java/util/function/IntUnaryOperator
Event: 29.925 loading class java/util/function/IntUnaryOperator done
Event: 32.186 loading class java/util/ArrayList$ListItr
Event: 32.227 loading class java/util/ArrayList$ListItr done
Event: 34.337 loading class java/util/AbstractList$SubList$1
Event: 34.475 loading class java/util/AbstractList$SubList$1 done
Event: 34.475 loading class java/util/AbstractList$ListItr
Event: 34.555 loading class java/util/AbstractList$ListItr done
Event: 35.925 loading class java/text/StringCharacterIterator
Event: 35.951 loading class java/text/CharacterIterator
Event: 35.965 loading class java/text/CharacterIterator done
Event: 35.965 loading class java/text/StringCharacterIterator done


Dynamic libraries:
0x00007ff644790000 - 0x00007ff6447a0000 	C:\Program Files\Java\jdk-17\bin\java.exe
0x00007ffcc16d0000 - 0x00007ffcc18e7000 	C:\WINDOWS\SYSTEM32\ntdll.dll
0x00007ffcbf9f0000 - 0x00007ffcbfab4000 	C:\WINDOWS\System32\KERNEL32.DLL
0x00007ffcbec20000 - 0x00007ffcbefc6000 	C:\WINDOWS\System32\KERNELBASE.dll
0x00007ffcbea10000 - 0x00007ffcbeb21000 	C:\WINDOWS\System32\ucrtbase.dll
0x00007ffca0e80000 - 0x00007ffca0e9b000 	C:\Program Files\Java\jdk-17\bin\VCRUNTIME140.dll
0x00007ffca5530000 - 0x00007ffca5549000 	C:\Program Files\Java\jdk-17\bin\jli.dll
0x00007ffcbfe10000 - 0x00007ffcbfec3000 	C:\WINDOWS\System32\ADVAPI32.dll
0x00007ffcbfc40000 - 0x00007ffcbfce7000 	C:\WINDOWS\System32\msvcrt.dll
0x00007ffcc1380000 - 0x00007ffcc1428000 	C:\WINDOWS\System32\sechost.dll
0x00007ffcbf130000 - 0x00007ffcbf158000 	C:\WINDOWS\System32\bcrypt.dll
0x00007ffcbfcf0000 - 0x00007ffcbfe07000 	C:\WINDOWS\System32\RPCRT4.dll
0x00007ffcbf5f0000 - 0x00007ffcbf79e000 	C:\WINDOWS\System32\USER32.dll
0x00007ffcbf160000 - 0x00007ffcbf186000 	C:\WINDOWS\System32\win32u.dll
0x00007ffcc1660000 - 0x00007ffcc1689000 	C:\WINDOWS\System32\GDI32.dll
0x00007ffcbf190000 - 0x00007ffcbf2a8000 	C:\WINDOWS\System32\gdi32full.dll
0x00007ffca6a10000 - 0x00007ffca6ca3000 	C:\WINDOWS\WinSxS\amd64_microsoft.windows.common-controls_6595b64144ccf1df_6.0.22621.2506_none_270c5ae97388e100\COMCTL32.dll
0x00007ffcbefd0000 - 0x00007ffcbf06a000 	C:\WINDOWS\System32\msvcp_win.dll
0x00007ffcb5ff0000 - 0x00007ffcb5ffa000 	C:\WINDOWS\SYSTEM32\VERSION.dll
0x00007ffcbfb30000 - 0x00007ffcbfb61000 	C:\WINDOWS\System32\IMM32.DLL
0x00007ffcbbd30000 - 0x00007ffcbbd3c000 	C:\Program Files\Java\jdk-17\bin\vcruntime140_1.dll
0x00007ffc7aa90000 - 0x00007ffc7ab1e000 	C:\Program Files\Java\jdk-17\bin\msvcp140.dll
0x00007ffc13180000 - 0x00007ffc13d61000 	C:\Program Files\Java\jdk-17\bin\server\jvm.dll
0x00007ffcbfc30000 - 0x00007ffcbfc38000 	C:\WINDOWS\System32\PSAPI.DLL
0x00007ffc9d450000 - 0x00007ffc9d459000 	C:\WINDOWS\SYSTEM32\WSOCK32.dll
0x00007ffcb6f30000 - 0x00007ffcb6f64000 	C:\WINDOWS\SYSTEM32\WINMM.dll
0x00007ffcbf570000 - 0x00007ffcbf5e1000 	C:\WINDOWS\System32\WS2_32.dll
0x00007ffcbda40000 - 0x00007ffcbda58000 	C:\WINDOWS\SYSTEM32\kernel.appcore.dll
0x00007ffcb9ec0000 - 0x00007ffcb9eca000 	C:\Program Files\Java\jdk-17\bin\jimage.dll
0x00007ffcac8e0000 - 0x00007ffcacb13000 	C:\WINDOWS\SYSTEM32\DBGHELP.DLL
0x00007ffcbfed0000 - 0x00007ffcc0259000 	C:\WINDOWS\System32\combase.dll
0x00007ffcc12a0000 - 0x00007ffcc1377000 	C:\WINDOWS\System32\OLEAUT32.dll
0x00007ffc9dcc0000 - 0x00007ffc9dcf2000 	C:\WINDOWS\SYSTEM32\dbgcore.DLL
0x00007ffcbeba0000 - 0x00007ffcbec1a000 	C:\WINDOWS\System32\bcryptPrimitives.dll
0x00007ffc95190000 - 0x00007ffc951b5000 	C:\Program Files\Java\jdk-17\bin\java.dll
0x00007ffc79c40000 - 0x00007ffc79d17000 	C:\Program Files\Java\jdk-17\bin\jsvml.dll
0x00007ffcc0360000 - 0x00007ffcc0bba000 	C:\WINDOWS\System32\SHELL32.dll
0x00007ffcbc960000 - 0x00007ffcbd256000 	C:\WINDOWS\SYSTEM32\windows.storage.dll
0x00007ffcbc820000 - 0x00007ffcbc95e000 	C:\WINDOWS\SYSTEM32\wintypes.dll
0x00007ffcc0260000 - 0x00007ffcc0353000 	C:\WINDOWS\System32\SHCORE.dll
0x00007ffcc1430000 - 0x00007ffcc148e000 	C:\WINDOWS\System32\shlwapi.dll
0x00007ffcbe940000 - 0x00007ffcbe966000 	C:\WINDOWS\SYSTEM32\profapi.dll
0x00007ffc9cfa0000 - 0x00007ffc9cfb9000 	C:\Program Files\Java\jdk-17\bin\net.dll
0x00007ffcb7610000 - 0x00007ffcb7747000 	C:\WINDOWS\SYSTEM32\WINHTTP.dll
0x00007ffcbdec0000 - 0x00007ffcbdf29000 	C:\WINDOWS\system32\mswsock.dll
0x00007ffc9c420000 - 0x00007ffc9c436000 	C:\Program Files\Java\jdk-17\bin\nio.dll
0x00007ffc90ba0000 - 0x00007ffc90bb8000 	C:\Program Files\Java\jdk-17\bin\zip.dll
0x00007ffc95180000 - 0x00007ffc95190000 	C:\Program Files\Java\jdk-17\bin\verify.dll

dbghelp: loaded successfully - version: 4.0.5 - missing functions: none
symbol engine: initialized successfully - sym options: 0x614 - pdb path: .;C:\Program Files\Java\jdk-17\bin;C:\WINDOWS\SYSTEM32;C:\WINDOWS\WinSxS\amd64_microsoft.windows.common-controls_6595b64144ccf1df_6.0.22621.2506_none_270c5ae97388e100;C:\Program Files\Java\jdk-17\bin\server

VM Arguments:
java_command: org.jetbrains.kotlin.cli.jvm.K2JVMCompiler @C:\Users\iruch\GoDeLi\node_modules\react-native-webview\android\build\20240212_18106507283033017390.compiler.options
java_class_path (initial): C:\Users\iruch\.gradle\caches\modules-2\files-2.1\org.jetbrains.kotlin\kotlin-compiler-embeddable\1.8.0\eb9118d4bcceaa2a94b2ae2a33a4ddba7c9a947f\kotlin-compiler-embeddable-1.8.0.jar;C:\Users\iruch\.gradle\caches\modules-2\files-2.1\org.jetbrains.kotlin\kotlin-stdlib\1.8.0\1796921c7a3e2e2665a83e6c8d33399336cd39bc\kotlin-stdlib-1.8.0.jar;C:\Users\iruch\.gradle\caches\modules-2\files-2.1\org.jetbrains.kotlin\kotlin-script-runtime\1.8.0\b2f7e760d283cb339974851c222a4c1d48f2d3d\kotlin-script-runtime-1.8.0.jar;C:\Users\iruch\.gradle\caches\modules-2\files-2.1\org.jetbrains.kotlin\kotlin-reflect\1.6.10\1cbe9c92c12a94eea200d23c2bbaedaf3daf5132\kotlin-reflect-1.6.10.jar;C:\Users\iruch\.gradle\caches\modules-2\files-2.1\org.jetbrains.kotlin\kotlin-daemon-embeddable\1.8.0\d255216c551685dc3a7e852b53617f5f01aaaa5c\kotlin-daemon-embeddable-1.8.0.jar;C:\Users\iruch\.gradle\caches\modules-2\files-2.1\org.jetbrains.intellij.deps\trove4j\1.0.20200330\3afb14d5f9ceb459d724e907a21145e8ff394f02\trove4j-1.0.20200330.jar;C:\Users\iruch\.gradle\caches\modules-2\files-2.1\net.java.dev.jna\jna\5.6.0\330f2244e9030119ab3030fc3fededc86713d9cc\jna-5.6.0.jar;C:\Users\iruch\.gradle\caches\modules-2\files-2.1\org.jetbrains.kotlin\kotlin-stdlib-common\1.8.0\f7197e7cc76453ac59f8b0f8d5137cc600becd36\kotlin-stdlib-common-1.8.0.jar;C:\Users\iruch\.gradle\caches\modules-2\files-2.1\org.jetbrains\annotations\13.0\919f0dfe192fb4e063e7dacadee7f8bb9a2672a9\annotations-13.0.jar
Launcher Type: SUN_STANDARD

[Global flags]
     intx CICompilerCount                          = 4                                         {product} {ergonomic}
     uint ConcGCThreads                            = 3                                         {product} {ergonomic}
     uint G1ConcRefinementThreads                  = 10                                        {product} {ergonomic}
   size_t G1HeapRegionSize                         = 1048576                                   {product} {ergonomic}
    uintx GCDrainStackTargetSize                   = 64                                        {product} {ergonomic}
   size_t InitialHeapSize                          = 123731968                                 {product} {ergonomic}
   size_t MarkStackSize                            = 4194304                                   {product} {ergonomic}
   size_t MaxHeapSize                              = 1977614336                                {product} {ergonomic}
   size_t MaxNewSize                               = 1185939456                                {product} {ergonomic}
   size_t MinHeapDeltaBytes                        = 1048576                                   {product} {ergonomic}
   size_t MinHeapSize                              = 8388608                                   {product} {ergonomic}
    uintx NonNMethodCodeHeapSize                   = 5839372                                {pd product} {ergonomic}
    uintx NonProfiledCodeHeapSize                  = 122909434                              {pd product} {ergonomic}
    uintx ProfiledCodeHeapSize                     = 122909434                              {pd product} {ergonomic}
    uintx ReservedCodeCacheSize                    = 251658240                              {pd product} {ergonomic}
     bool SegmentedCodeCache                       = true                                      {product} {ergonomic}
   size_t SoftMaxHeapSize                          = 1977614336                             {manageable} {ergonomic}
     bool UseCompressedClassPointers               = true                           {product lp64_product} {ergonomic}
     bool UseCompressedOops                        = true                           {product lp64_product} {ergonomic}
     bool UseG1GC                                  = true                                      {product} {ergonomic}
     bool UseLargePagesIndividualAllocation        = false                                  {pd product} {ergonomic}

Logging:
Log output configuration:
 #0: stdout all=warning uptime,level,tags
 #1: stderr all=off uptime,level,tags

Environment Variables:
JAVA_HOME=C:\Program Files\Java\jdk-17
CLASSPATH=C:\Users\iruch\GoDeLi\android\\gradle\wrapper\gradle-wrapper.jar
PATH=C:\Users\iruch\GoDeLi\node_modules\.bin;C:\Users\iruch\GoDeLi\node_modules\.bin;C:\Users\iruch\node_modules\.bin;C:\Users\node_modules\.bin;C:\node_modules\.bin;C:\Users\iruch\AppData\Roaming\npm\node_modules\npm\node_modules\@npmcli\run-script\lib\node-gyp-bin;C:\Users\iruch\GoDeLi\node_modules\.bin;C:\Users\iruch\node_modules\.bin;C:\Users\node_modules\.bin;C:\node_modules\.bin;C:\Users\iruch\AppData\Roaming\npm\node_modules\npm\node_modules\@npmcli\run-script\lib\node-gyp-bin;C:\Program Files\Common Files\Oracle\Java\javapath;C:\Program Files\Eclipse Adoptium\jdk-11.0.21.9-hotspot\bin;C:\Program Files (x86)\Common Files\Oracle\Java\javapath;C:\Program Files (x86)\VMware\VMware Player\bin\;C:\windows\system32;C:\windows;C:\windows\System32\Wbem;C:\windows\System32\WindowsPowerShell\v1.0\;C:\windows\System32\OpenSSH\;C:\Program Files (x86)\NVIDIA Corporation\PhysX\Common;C:\Program Files\NVIDIA Corporation\NVIDIA NvDLISR;C:\Program Files\Microsoft SQL Server\Client SDK\ODBC\170\Tools\Binn\;C:\Program Files (x86)\Microsoft SQL Server\150\Tools\Binn\;C:\Program Files\Microsoft SQL Server\150\Tools\Binn\;C:\Program Files\Microsoft SQL Server\150\DTS\Binn\;C:\Program Files (x86)\Microsoft SQL Server\150\DTS\Binn\;C:\Program Files\Azure Data Studio\bin;C:\WINDOWS\system32;C:\WINDOWS;C:\WINDOWS\System32\Wbem;C:\WINDOWS\System32\WindowsPowerShell\v1.0\;C:\WINDOWS\System32\OpenSSH\;C:\Program Files (x86)\ZeroTier\One\;C:\Python27;C:\Program Files (x86)\Cassandra\apache-cassandra-3.11.15\bin;C:\Program Files (x86)\Microsoft SQL Server\160\Tools\Binn\;C:\Program Files\Microsoft SQL Server\160\Tools\Binn\;C:\Program Files\Microsoft SQL Server\160\DTS\Binn\;C:\Program Files\Git\cmd;C:\ProgramData\chocolatey\bin;C:\Program Files\nodejs\;C:\Users\iruch\AppData\Local\Android\Sdk\platform-tools;C:\Program Files\Eclipse Adoptium\jdk-11.0.21.9-hotspot\bin;C:\Program Files (x86)\Common Files\Oracle\Java\javapath;C:\Program Files (x86)\VMware\VMware Player\bin\;C:\windows\system32;C
USERNAME=iruch
OS=Windows_NT
PROCESSOR_IDENTIFIER=AMD64 Family 23 Model 96 Stepping 1, AuthenticAMD



---------------  S Y S T E M  ---------------

OS:
 Windows 11 , 64 bit Build 22621 (10.0.22621.2506)
OS uptime: 1 days 4:26 hours

CPU: total 12 (initial active 12) (12 cores per cpu, 2 threads per core) family 23 model 96 stepping 1 microcode 0x0, cx8, cmov, fxsr, ht, mmx, 3dnowpref, sse, sse2, sse3, ssse3, sse4a, sse4.1, sse4.2, popcnt, lzcnt, tsc, tscinvbit, avx, avx2, aes, clmul, bmi1, bmi2, adx, sha, fma, vzeroupper, clflush, clflushopt

Memory: 4k page, system-wide physical 7540M (14M free)
TotalPageFile size 31092M (AvailPageFile size 24M)
current process WorkingSet (physical memory assigned to process): 4M, peak: 85M
current process commit charge ("private bytes"): 283M, peak: 331M

vm_info: Java HotSpot(TM) 64-Bit Server VM (17.0.9+11-LTS-201) for windows-amd64 JRE (17.0.9+11-LTS-201), built on Oct 10 2023 23:16:06 by "mach5one" with MS VC++ 17.1 (VS2022)

END.
